This is pdfTeX, Version 3.141592653-2.6-1.40.27 (TeX Live 2025/nixos.org) (preloaded format=pdflatex 1980.1.1)  29 SEP 2025 19:44
entering extended mode
 restricted \write18 enabled.
 %&-line parsing enabled.
**resume.tex
(./resume.tex
LaTeX2e <2025-06-01> patch level 1
L3 programming layer <2025-06-09>

(/nix/store/brv5210znq3xb212dp5zafyxda5mycf2-texlive-combined-full-2025.2025070
3-texmfdist/tex/latex/base/article.cls
Document Class: article 2025/01/22 v1.4n Standard LaTeX document class

(/nix/store/brv5210znq3xb212dp5zafyxda5mycf2-texlive-combined-full-2025.2025070
3-texmfdist/tex/latex/base/size11.clo
File: size11.clo 2025/01/22 v1.4n Standard LaTeX file (size option)
)
\c@part=\count275
\c@section=\count276
\c@subsection=\count277
\c@subsubsection=\count278
\c@paragraph=\count279
\c@subparagraph=\count280
\c@figure=\count281
\c@table=\count282
\abovecaptionskip=\skip49
\belowcaptionskip=\skip50
\bibindent=\dimen148
)
(/nix/store/brv5210znq3xb212dp5zafyxda5mycf2-texlive-combined-full-2025.2025070
3-texmfdist/tex/latex/graphics/graphicx.sty
Package: graphicx 2024/12/31 v1.2e Enhanced LaTeX Graphics (DPC,SPQR)

(/nix/store/brv5210znq3xb212dp5zafyxda5mycf2-texlive-combined-full-2025.2025070
3-texmfdist/tex/latex/graphics/keyval.sty
Package: keyval 2022/05/29 v1.15 key=value parser (DPC)
\KV@toks@=\toks17
)
(/nix/store/brv5210znq3xb212dp5zafyxda5mycf2-texlive-combined-full-2025.2025070
3-texmfdist/tex/latex/graphics/graphics.sty
Package: graphics 2024/08/06 v1.4g Standard LaTeX Graphics (DPC,SPQR)

(/nix/store/brv5210znq3xb212dp5zafyxda5mycf2-texlive-combined-full-2025.2025070
3-texmfdist/tex/latex/graphics/trig.sty
Package: trig 2023/12/02 v1.11 sin cos tan (DPC)
)
(/nix/store/brv5210znq3xb212dp5zafyxda5mycf2-texlive-combined-full-2025.2025070
3-texmfdist/tex/latex/graphics-cfg/graphics.cfg
File: graphics.cfg 2016/06/04 v1.11 sample graphics configuration
)
Package graphics Info: Driver file: pdftex.def on input line 106.

(/nix/store/brv5210znq3xb212dp5zafyxda5mycf2-texlive-combined-full-2025.2025070
3-texmfdist/tex/latex/graphics-def/pdftex.def
File: pdftex.def 2024/04/13 v1.2c Graphics/color driver for pdftex
))
\Gin@req@height=\dimen149
\Gin@req@width=\dimen150
)
(/nix/store/brv5210znq3xb212dp5zafyxda5mycf2-texlive-combined-full-2025.2025070
3-texmfdist/tex/latex/enumitem/enumitem.sty
Package: enumitem 2025/02/06 v3.11 Customized lists
\labelindent=\skip51
\enit@outerparindent=\dimen151
\enit@toks=\toks18
\enit@inbox=\box53
\enit@count@id=\count283
\enitdp@description=\count284
)
(/nix/store/brv5210znq3xb212dp5zafyxda5mycf2-texlive-combined-full-2025.2025070
3-texmfdist/tex/latex/base/inputenc.sty
Package: inputenc 2024/02/08 v1.3d Input encoding file
\inpenc@prehook=\toks19
\inpenc@posthook=\toks20
)
(/nix/store/brv5210znq3xb212dp5zafyxda5mycf2-texlive-combined-full-2025.2025070
3-texmfdist/tex/latex/base/fontenc.sty
Package: fontenc 2024/12/21 v2.1c Standard LaTeX package
)
(/nix/store/brv5210znq3xb212dp5zafyxda5mycf2-texlive-combined-full-2025.2025070
3-texmfdist/tex/latex/lipsum/lipsum.sty
(/nix/store/brv5210znq3xb212dp5zafyxda5mycf2-texlive-combined-full-2025.2025070
3-texmfdist/tex/latex/l3packages/l3keys2e/l3keys2e.sty
(/nix/store/brv5210znq3xb212dp5zafyxda5mycf2-texlive-combined-full-2025.2025070
3-texmfdist/tex/latex/l3kernel/expl3.sty
Package: expl3 2025-06-09 L3 programming layer (loader) 

(/nix/store/brv5210znq3xb212dp5zafyxda5mycf2-texlive-combined-full-2025.2025070
3-texmfdist/tex/latex/l3backend/l3backend-pdftex.def
File: l3backend-pdftex.def 2025-06-09 L3 backend support: PDF output (pdfTeX)
\l__color_backend_stack_int=\count285
))
Package: l3keys2e 2024-08-16 LaTeX2e option processing using LaTeX3 keys
)
Package: lipsum 2021-09-20 v2.7 150 paragraphs of Lorem Ipsum dummy text
\g__lipsum_par_int=\count286
\l__lipsum_a_int=\count287
\l__lipsum_b_int=\count288

(/nix/store/brv5210znq3xb212dp5zafyxda5mycf2-texlive-combined-full-2025.2025070
3-texmfdist/tex/latex/lipsum/lipsum.ltd.tex))
(/nix/store/brv5210znq3xb212dp5zafyxda5mycf2-texlive-combined-full-2025.2025070
3-texmfdist/tex/latex/geometry/geometry.sty
Package: geometry 2020/01/02 v5.9 Page Geometry

(/nix/store/brv5210znq3xb212dp5zafyxda5mycf2-texlive-combined-full-2025.2025070
3-texmfdist/tex/generic/iftex/ifvtex.sty
Package: ifvtex 2019/10/25 v1.7 ifvtex legacy package. Use iftex instead.

(/nix/store/brv5210znq3xb212dp5zafyxda5mycf2-texlive-combined-full-2025.2025070
3-texmfdist/tex/generic/iftex/iftex.sty
Package: iftex 2024/12/12 v1.0g TeX engine tests
))
\Gm@cnth=\count289
\Gm@cntv=\count290
\c@Gm@tempcnt=\count291
\Gm@bindingoffset=\dimen152
\Gm@wd@mp=\dimen153
\Gm@odd@mp=\dimen154
\Gm@even@mp=\dimen155
\Gm@layoutwidth=\dimen156
\Gm@layoutheight=\dimen157
\Gm@layouthoffset=\dimen158
\Gm@layoutvoffset=\dimen159
\Gm@dimlist=\toks21
) (./resume.aux)
\openout1 = `resume.aux'.

LaTeX Font Info:    Checking defaults for OML/cmm/m/it on input line 10.
LaTeX Font Info:    ... okay on input line 10.
LaTeX Font Info:    Checking defaults for OMS/cmsy/m/n on input line 10.
LaTeX Font Info:    ... okay on input line 10.
LaTeX Font Info:    Checking defaults for OT1/cmr/m/n on input line 10.
LaTeX Font Info:    ... okay on input line 10.
LaTeX Font Info:    Checking defaults for T1/cmr/m/n on input line 10.
LaTeX Font Info:    ... okay on input line 10.
LaTeX Font Info:    Checking defaults for TS1/cmr/m/n on input line 10.
LaTeX Font Info:    ... okay on input line 10.
LaTeX Font Info:    Checking defaults for OMX/cmex/m/n on input line 10.
LaTeX Font Info:    ... okay on input line 10.
LaTeX Font Info:    Checking defaults for U/cmr/m/n on input line 10.
LaTeX Font Info:    ... okay on input line 10.

(/nix/store/brv5210znq3xb212dp5zafyxda5mycf2-texlive-combined-full-2025.2025070
3-texmfdist/tex/context/base/mkii/supp-pdf.mkii
[Loading MPS to PDF converter (version 2006.09.02).]
\scratchcounter=\count292
\scratchdimen=\dimen160
\scratchbox=\box54
\nofMPsegments=\count293
\nofMParguments=\count294
\everyMPshowfont=\toks22
\MPscratchCnt=\count295
\MPscratchDim=\dimen161
\MPnumerator=\count296
\makeMPintoPDFobject=\count297
\everyMPtoPDFconversion=\toks23
)
(/nix/store/brv5210znq3xb212dp5zafyxda5mycf2-texlive-combined-full-2025.2025070
3-texmfdist/tex/latex/epstopdf-pkg/epstopdf-base.sty
Package: epstopdf-base 2020-01-24 v2.11 Base part for package epstopdf
Package epstopdf-base Info: Redefining graphics rule for `.eps' on input line 4
85.

(/nix/store/brv5210znq3xb212dp5zafyxda5mycf2-texlive-combined-full-2025.2025070
3-texmfdist/tex/latex/latexconfig/epstopdf-sys.cfg
File: epstopdf-sys.cfg 2010/07/13 v1.3 Configuration of (r)epstopdf for TeX Liv
e
))
*geometry* driver: auto-detecting
*geometry* detected driver: pdftex
*geometry* verbose mode - [ preamble ] result:
* driver: pdftex
* paper: <default>
* layout: <same size as paper>
* layoutoffset:(h,v)=(0.0pt,0.0pt)
* modes: 
* h-part:(L,W,R)=(30.15985pt, 553.9753pt, 30.15985pt)
* v-part:(T,H,B)=(48.36958pt, 732.6584pt, 13.942pt)
* \paperwidth=614.295pt
* \paperheight=794.96999pt
* \textwidth=553.9753pt
* \textheight=732.6584pt
* \oddsidemargin=-42.11014pt
* \evensidemargin=-42.11014pt
* \topmargin=-60.9004pt
* \headheight=12.0pt
* \headsep=25.0pt
* \topskip=11.0pt
* \footskip=30.0pt
* \marginparwidth=59.0pt
* \marginparsep=10.0pt
* \columnsep=10.0pt
* \skip\footins=10.0pt plus 4.0pt minus 2.0pt
* \hoffset=0.0pt
* \voffset=0.0pt
* \mag=1000
* \@twocolumnfalse
* \@twosidefalse
* \@mparswitchfalse
* \@reversemarginfalse
* (1in=72.27pt=25.4mm, 1cm=28.453pt)



[1

{/nix/store/j92f3vnkb57zi6d9wdw8wq91z6hgip88-texlive-combined-full-2025.2025070
3/share/texmf-var/fonts/map/pdftex/updmap/pdftex.map}{/nix/store/brv5210znq3xb2
12dp5zafyxda5mycf2-texlive-combined-full-2025.20250703-texmfdist/fonts/enc/dvip
s/cm-super/cm-super-t1.enc}{/nix/store/brv5210znq3xb212dp5zafyxda5mycf2-texlive
-combined-full-2025.20250703-texmfdist/fonts/enc/dvips/cm-super/cm-super-ts1.en
c}] (./resume.aux)
 ***********
LaTeX2e <2025-06-01> patch level 1
L3 programming layer <2025-06-09>
 ***********
 ) 
Here is how much of TeX's memory you used:
 2852 strings out of 467888
 51042 string characters out of 5405403
 545743 words of memory out of 5000000
 31410 multiletter control sequences out of 15000+600000
 632077 words of font info for 48 fonts, out of 8000000 for 9000
 1141 hyphenation exceptions out of 8191
 73i,5n,77p,301b,152s stack positions out of 10000i,1000n,20000p,200000b,200000s
</nix/store/brv5210znq3xb212dp5zafyxda5mycf2-texlive-combined-full-2025.20250
703-texmfdist/fonts/type1/public/cm-super/sfbx1095.pfb></nix/store/brv5210znq3x
b212dp5zafyxda5mycf2-texlive-combined-full-2025.20250703-texmfdist/fonts/type1/
public/cm-super/sfbx2074.pfb></nix/store/brv5210znq3xb212dp5zafyxda5mycf2-texli
ve-combined-full-2025.20250703-texmfdist/fonts/type1/public/cm-super/sfrm0600.p
fb></nix/store/brv5210znq3xb212dp5zafyxda5mycf2-texlive-combined-full-2025.2025
0703-texmfdist/fonts/type1/public/cm-super/sfrm1095.pfb></nix/store/brv5210znq3
xb212dp5zafyxda5mycf2-texlive-combined-full-2025.20250703-texmfdist/fonts/type1
/public/cm-super/sfsl1095.pfb></nix/store/brv5210znq3xb212dp5zafyxda5mycf2-texl
ive-combined-full-2025.20250703-texmfdist/fonts/type1/public/cm-super/sfti1095.
pfb>
Output written on resume.pdf (1 page, 136692 bytes).
PDF statistics:
 43 PDF objects out of 1000 (max. 8388607)
 26 compressed objects within 1 object stream
 0 named destinations out of 1000 (max. 500000)
 1 words of extra memory for PDF output out of 10000 (max. 10000000)

